0 info it worked if it ends with ok
1 verbose cli [ '/usr/bin/node',
1 verbose cli   '/usr/bin/npm',
1 verbose cli   'install',
1 verbose cli   'browserify-shim',
1 verbose cli   '--save-dev' ]
2 info using npm@1.4.28
3 info using node@v0.10.33
4 verbose node symlink /usr/bin/node
5 warn package.json ionic-project@1.0.0 No repository field.
6 warn package.json ionic-project@1.0.0 No README data
7 verbose readDependencies using package.json deps
8 verbose cache add [ 'browserify-shim', null ]
9 verbose cache add name=undefined spec="browserify-shim" args=["browserify-shim",null]
10 verbose parsed url { protocol: null,
10 verbose parsed url   slashes: null,
10 verbose parsed url   auth: null,
10 verbose parsed url   host: null,
10 verbose parsed url   port: null,
10 verbose parsed url   hostname: null,
10 verbose parsed url   hash: null,
10 verbose parsed url   search: null,
10 verbose parsed url   query: null,
10 verbose parsed url   pathname: 'browserify-shim',
10 verbose parsed url   path: 'browserify-shim',
10 verbose parsed url   href: 'browserify-shim' }
11 silly lockFile 91b720d4-browserify-shim browserify-shim
12 verbose lock browserify-shim /home/gsanta/.npm/91b720d4-browserify-shim.lock
13 silly lockFile 91b720d4-browserify-shim browserify-shim
14 silly lockFile 91b720d4-browserify-shim browserify-shim
15 verbose addNamed [ 'browserify-shim', '' ]
16 verbose addNamed [ null, '*' ]
17 silly lockFile 8e47135d-browserify-shim browserify-shim@
18 verbose lock browserify-shim@ /home/gsanta/.npm/8e47135d-browserify-shim.lock
19 silly addNameRange { name: 'browserify-shim', range: '*', hasData: false }
20 verbose request where is /browserify-shim
21 verbose request registry https://registry.npmjs.org/
22 verbose request id 4ada39751cdbe22c
23 verbose url raw /browserify-shim
24 verbose url resolving [ 'https://registry.npmjs.org/', './browserify-shim' ]
25 verbose url resolved https://registry.npmjs.org/browserify-shim
26 verbose request where is https://registry.npmjs.org/browserify-shim
27 info trying registry request attempt 1 at 03:19:57
28 verbose etag "BVLW17B03D0Q97H6WASN0PDX4"
29 http GET https://registry.npmjs.org/browserify-shim
30 http 200 https://registry.npmjs.org/browserify-shim
31 silly registry.get cb [ 200,
31 silly registry.get   { date: 'Fri, 16 Jan 2015 02:19:58 GMT',
31 silly registry.get     server: 'CouchDB/1.5.0 (Erlang OTP/R16B03)',
31 silly registry.get     etag: '"EKFSEHDBGYE4V980BSB5NCPXT"',
31 silly registry.get     'content-type': 'application/json',
31 silly registry.get     'cache-control': 'max-age=60',
31 silly registry.get     'content-length': '93007',
31 silly registry.get     'accept-ranges': 'bytes',
31 silly registry.get     via: '1.1 varnish',
31 silly registry.get     age: '0',
31 silly registry.get     'x-served-by': 'cache-fra1223-FRA',
31 silly registry.get     'x-cache': 'MISS',
31 silly registry.get     'x-cache-hits': '0',
31 silly registry.get     'x-timer': 'S1421374797.421131,VS0,VE743',
31 silly registry.get     vary: 'Accept',
31 silly registry.get     'keep-alive': 'timeout=10, max=50',
31 silly registry.get     connection: 'Keep-Alive' } ]
32 silly addNameRange number 2 { name: 'browserify-shim', range: '*', hasData: true }
33 silly addNameRange versions [ 'browserify-shim',
33 silly addNameRange   [ '0.1.0',
33 silly addNameRange     '0.2.0',
33 silly addNameRange     '0.3.0',
33 silly addNameRange     '0.4.0',
33 silly addNameRange     '0.4.1',
33 silly addNameRange     '0.4.2',
33 silly addNameRange     '0.4.3',
33 silly addNameRange     '0.4.4',
33 silly addNameRange     '0.4.5',
33 silly addNameRange     '0.5.0',
33 silly addNameRange     '0.5.1',
33 silly addNameRange     '0.5.2',
33 silly addNameRange     '0.5.3',
33 silly addNameRange     '0.5.4',
33 silly addNameRange     '0.6.0',
33 silly addNameRange     '1.0.0',
33 silly addNameRange     '2.0.1',
33 silly addNameRange     '2.0.2',
33 silly addNameRange     '1.0.1',
33 silly addNameRange     '2.0.3',
33 silly addNameRange     '2.0.4',
33 silly addNameRange     '2.0.5',
33 silly addNameRange     '2.0.6',
33 silly addNameRange     '2.0.7',
33 silly addNameRange     '2.0.8',
33 silly addNameRange     '2.0.9',
33 silly addNameRange     '3.0.0',
33 silly addNameRange     '3.0.1',
33 silly addNameRange     '3.0.2',
33 silly addNameRange     '3.0.3',
33 silly addNameRange     '3.0.4',
33 silly addNameRange     '3.0.5',
33 silly addNameRange     '2.0.10',
33 silly addNameRange     '3.0.6',
33 silly addNameRange     '3.1.0',
33 silly addNameRange     '3.1.1',
33 silly addNameRange     '3.1.2',
33 silly addNameRange     '3.1.3',
33 silly addNameRange     '3.1.4',
33 silly addNameRange     '3.1.5',
33 silly addNameRange     '3.2.0',
33 silly addNameRange     '3.2.1',
33 silly addNameRange     '3.2.2',
33 silly addNameRange     '3.3.0',
33 silly addNameRange     '3.3.1',
33 silly addNameRange     '3.3.2',
33 silly addNameRange     '3.4.0',
33 silly addNameRange     '3.4.1',
33 silly addNameRange     '3.5.0',
33 silly addNameRange     '3.6.0',
33 silly addNameRange     '3.7.0',
33 silly addNameRange     '3.8.0',
33 silly addNameRange     '3.8.1',
33 silly addNameRange     '3.8.2' ] ]
34 verbose addNamed [ 'browserify-shim', '3.8.2' ]
35 verbose addNamed [ '3.8.2', '3.8.2' ]
36 silly lockFile d853ff00-browserify-shim-3-8-2 browserify-shim@3.8.2
37 verbose lock browserify-shim@3.8.2 /home/gsanta/.npm/d853ff00-browserify-shim-3-8-2.lock
38 silly lockFile 2d482b6d-y-shim-browserify-shim-3-8-2-tgz https://registry.npmjs.org/browserify-shim/-/browserify-shim-3.8.2.tgz
39 verbose lock https://registry.npmjs.org/browserify-shim/-/browserify-shim-3.8.2.tgz /home/gsanta/.npm/2d482b6d-y-shim-browserify-shim-3-8-2-tgz.lock
40 verbose addRemoteTarball [ 'https://registry.npmjs.org/browserify-shim/-/browserify-shim-3.8.2.tgz',
40 verbose addRemoteTarball   '315d10ed3a08c9b64453be07410cfe4c094d4191' ]
41 info retry fetch attempt 1 at 03:19:58
42 verbose fetch to= /tmp/npm-6486-3id48qNR/registry.npmjs.org/browserify-shim/-/browserify-shim-3.8.2.tgz
43 http GET https://registry.npmjs.org/browserify-shim/-/browserify-shim-3.8.2.tgz
44 http 200 https://registry.npmjs.org/browserify-shim/-/browserify-shim-3.8.2.tgz
45 silly lockFile 2d482b6d-y-shim-browserify-shim-3-8-2-tgz https://registry.npmjs.org/browserify-shim/-/browserify-shim-3.8.2.tgz
46 silly lockFile 2d482b6d-y-shim-browserify-shim-3-8-2-tgz https://registry.npmjs.org/browserify-shim/-/browserify-shim-3.8.2.tgz
47 silly lockFile d853ff00-browserify-shim-3-8-2 browserify-shim@3.8.2
48 silly lockFile d853ff00-browserify-shim-3-8-2 browserify-shim@3.8.2
49 silly lockFile 8e47135d-browserify-shim browserify-shim@
50 silly lockFile 8e47135d-browserify-shim browserify-shim@
51 error Error: EACCES, mkdir '/home/gsanta/.npm/browserify-shim/3.8.2'
51 error  { [Error: EACCES, mkdir '/home/gsanta/.npm/browserify-shim/3.8.2']
51 error   errno: 3,
51 error   code: 'EACCES',
51 error   path: '/home/gsanta/.npm/browserify-shim/3.8.2',
51 error   parent: 'ionic-project' }
52 error Please try running this command again as root/Administrator.
53 error System Linux 3.11.0-26-generic
54 error command "/usr/bin/node" "/usr/bin/npm" "install" "browserify-shim" "--save-dev"
55 error cwd /home/gsanta/dev/on-the-ride
56 error node -v v0.10.33
57 error npm -v 1.4.28
58 error path /home/gsanta/.npm/browserify-shim/3.8.2
59 error code EACCES
60 error errno 3
61 error stack Error: EACCES, mkdir '/home/gsanta/.npm/browserify-shim/3.8.2'
62 verbose exit [ 3, true ]
